#
# There is insufficient memory for the Java Runtime Environment to continue.
# Native memory allocation (mmap) failed to map 43855872 bytes for committing reserved memory.
# Possible reasons:
#   The system is out of physical RAM or swap space
#   The process is running with CompressedOops enabled, and the Java Heap may be blocking the growth of the native heap
# Possible solutions:
#   Reduce memory load on the system
#   Increase physical memory or swap space
#   Check if swap backing store is full
#   Decrease Java heap size (-Xmx/-Xms)
#   Decrease number of Java threads
#   Decrease Java thread stack sizes (-Xss)
#   Set larger code cache with -XX:ReservedCodeCacheSize=
#   JVM is running with Unscaled Compressed Oops mode in which the Java heap is
#     placed in the first 4GB address space. The Java Heap base address is the
#     maximum limit for the native heap growth. Please use -XX:HeapBaseMinAddress
#     to set the Java Heap base and to place the Java Heap above 4GB virtual address.
# This output file may be truncated or incomplete.
#
#  Out of Memory Error (os_linux.cpp:2756), pid=4211, tid=0x00007f6df47af700
#
# JRE version: Java(TM) SE Runtime Environment (8.0_271-b09) (build 1.8.0_271-b09)
# Java VM: Java HotSpot(TM) 64-Bit Server VM (25.271-b09 mixed mode linux-amd64 compressed oops)
# Failed to write core dump. Core dumps have been disabled. To enable core dumping, try "ulimit -c unlimited" before starting Java again
#

---------------  T H R E A D  ---------------

Current thread (0x00007f6e04097800):  VMThread [stack: 0x00007f6df46b0000,0x00007f6df47b0000] [id=4213]

Stack: [0x00007f6df46b0000,0x00007f6df47b0000],  sp=0x00007f6df47ae450,  free space=1017k
Native frames: (J=compiled Java code, j=interpreted, Vv=VM code, C=native code)
V  [libjvm.so+0xadea65]  VMError::report_and_die()+0x2e5
V  [libjvm.so+0x4e37a7]  report_vm_out_of_memory(char const*, int, unsigned long, VMErrorType, char const*)+0x67
V  [libjvm.so+0x9186c0]  os::pd_commit_memory(char*, unsigned long, unsigned long, bool)+0x100
V  [libjvm.so+0x90fccf]  os::commit_memory(char*, unsigned long, unsigned long, bool)+0x1f
V  [libjvm.so+0xadb280]  VirtualSpace::expand_by(unsigned long, bool)+0x140
V  [libjvm.so+0x5ef7ae]  OneContigSpaceCardGeneration::grow_by(unsigned long)+0x1e
V  [libjvm.so+0x5f0291]  OneContigSpaceCardGeneration::expand(unsigned long, unsigned long)+0xa1
V  [libjvm.so+0x5dc375]  GenCollectedHeap::do_collection(bool, bool, unsigned long, bool, int)+0xa05
V  [libjvm.so+0x463d7c]  GenCollectorPolicy::satisfy_failed_allocation(unsigned long, bool)+0xfc
V  [libjvm.so+0xadf8ff]  VM_GenCollectForAllocation::doit()+0x8f
V  [libjvm.so+0xae5806]  VM_Operation::evaluate()+0x46
V  [libjvm.so+0xae3b3d]  VMThread::evaluate_operation(VM_Operation*) [clone .constprop.44]+0xcd
V  [libjvm.so+0xae4123]  VMThread::loop()+0x3a3
V  [libjvm.so+0xae44f8]  VMThread::run()+0x78
V  [libjvm.so+0x915cd2]  java_start(Thread*)+0x102

VM_Operation (0x00007f6dd3b2fc50): GenCollectForAllocation, mode: safepoint, requested by thread 0x00007f6e05f34800


---------------  P R O C E S S  ---------------

Java Threads: ( => current thread )
  0x00005567429cd000 JavaThread "ClassGraph-worker-65" daemon [_thread_blocked, id=4345, stack(0x00007f6dcbaff000,0x00007f6dcbc00000)]
  0x00007f6e05f34800 JavaThread "ClassGraph-worker-64" daemon [_thread_blocked, id=4344, stack(0x00007f6dd3a31000,0x00007f6dd3b32000)]
  0x00007f6df016a800 JavaThread "HikariPool-1 connection adder" daemon [_thread_blocked, id=4339, stack(0x00007f6dcb9fe000,0x00007f6dcbaff000)]
  0x00007f6e05e98800 JavaThread "HikariPool-1 housekeeper" daemon [_thread_blocked, id=4338, stack(0x00007f6dcb8fd000,0x00007f6dcb9fe000)]
  0x00007f6e0567c800 JavaThread "mysql-cj-abandoned-connection-cleanup" daemon [_thread_blocked, id=4302, stack(0x00007f6dd1ced000,0x00007f6dd1dee000)]
  0x00007f6dd8257800 JavaThread "process reaper" daemon [_thread_blocked, id=4224, stack(0x00007f6dd3fc7000,0x00007f6dd4000000)]
  0x00007f6e04798000 JavaThread "surefire-forkedjvm-ping-30s" daemon [_thread_blocked, id=4222, stack(0x00007f6de002c000,0x00007f6de012d000)]
  0x00007f6e046f5000 JavaThread "surefire-forkedjvm-command-thread" daemon [_thread_in_native, id=4221, stack(0x00007f6de0337000,0x00007f6de0438000)]
  0x00007f6e04745000 JavaThread "Service Thread" daemon [_thread_blocked, id=4219, stack(0x00007f6de0539000,0x00007f6de063a000)]
  0x00007f6e04743800 JavaThread "C1 CompilerThread1" daemon [_thread_blocked, id=4218, stack(0x00007f6de063b000,0x00007f6de073b000)]
  0x00007f6e0468e800 JavaThread "C2 CompilerThread0" daemon [_thread_blocked, id=4217, stack(0x00007f6de073c000,0x00007f6de083c000)]
  0x00007f6e040d6800 JavaThread "Signal Dispatcher" daemon [_thread_blocked, id=4216, stack(0x00007f6df43ac000,0x00007f6df44ad000)]
  0x00007f6e040a5800 JavaThread "Finalizer" daemon [_thread_blocked, id=4215, stack(0x00007f6df44ad000,0x00007f6df45ae000)]
  0x00007f6e040a1000 JavaThread "Reference Handler" daemon [_thread_blocked, id=4214, stack(0x00007f6df45ae000,0x00007f6df46af000)]
  0x00007f6e0400c000 JavaThread "main" [_thread_blocked, id=4212, stack(0x00007f6e0b35d000,0x00007f6e0b45d000)]

Other Threads:
=>0x00007f6e04097800 VMThread [stack: 0x00007f6df46b0000,0x00007f6df47b0000] [id=4213]
  0x00007f6e04702800 WatcherThread [stack: 0x00007f6de0439000,0x00007f6de0539000] [id=4220]

VM state:at safepoint (normal execution)

VM Mutex/Monitor currently owned by a thread:  ([mutex/lock_event])
[0x00007f6e04008cb0] Threads_lock - owner thread: 0x00007f6e04097800
[0x00007f6e040091b0] Heap_lock - owner thread: 0x00007f6e05f34800

heap address: 0x00000000f0a00000, size: 246 MB, Compressed Oops mode: 32-bit
Narrow klass base: 0x0000000000000000, Narrow klass shift: 3
Compressed class space size: 1073741824 Address: 0x0000000100000000

Heap:
 def new generation   total 29952K, used 0K [0x00000000f0a00000, 0x00000000f2a70000, 0x00000000f5c00000)
  eden space 26688K,   0% used [0x00000000f0a00000, 0x00000000f0a00000, 0x00000000f2410000)
  from space 3264K,   0% used [0x00000000f2410000, 0x00000000f2410000, 0x00000000f2740000)
  to   space 3264K,   0% used [0x00000000f2740000, 0x00000000f2740000, 0x00000000f2a70000)
 tenured generation   total 69964K, used 67674K [0x00000000f5c00000, 0x00000000fa053000, 0x0000000100000000)
   the space 69964K,  96% used [0x00000000f5c00000, 0x00000000f9e16b98, 0x00000000f9e16c00, 0x00000000fa053000)
 Metaspace       used 87828K, capacity 93336K, committed 93360K, reserved 1130496K
  class space    used 10817K, capacity 11679K, committed 11696K, reserved 1048576K

Card table byte_map: [0x00007f6e0b2d8000,0x00007f6e0b354000] byte_map_base: 0x00007f6e0ab53000

Polling page: 0x00007f6e0b466000

CodeCache: size=245760Kb used=31548Kb max_used=31548Kb free=214211Kb
 bounds [0x00007f6df5000000, 0x00007f6df6ef0000, 0x00007f6e04000000]
 total_blobs=10075 nmethods=9454 adapters=534
 compilation: enabled

Compilation events (10 events):
Event: 39.746 Thread 0x00007f6e04743800 11723       2       java.util.TreeMap$KeySet::contains (11 bytes)
Event: 39.746 Thread 0x00007f6e04743800 nmethod 11723 0x00007f6df6ee7210 code [0x00007f6df6ee7380, 0x00007f6df6ee7500]
Event: 39.746 Thread 0x00007f6e04743800 11724       2       javax.management.openmbean.OpenType::isAssignableFrom (6 bytes)
Event: 39.746 Thread 0x00007f6e04743800 nmethod 11724 0x00007f6df6ee6e90 code [0x00007f6df6ee7000, 0x00007f6df6ee7160]
Event: 39.844 Thread 0x00007f6e04743800 11727       2       javax.management.openmbean.CompositeType::keySet (26 bytes)
Event: 39.844 Thread 0x00007f6e04743800 nmethod 11727 0x00007f6df6ee8c50 code [0x00007f6df6ee8dc0, 0x00007f6df6ee9100]
Event: 39.844 Thread 0x00007f6e04743800 11728       1       javax.management.openmbean.CompositeDataSupport::getCompositeType (5 bytes)
Event: 39.844 Thread 0x00007f6e04743800 nmethod 11728 0x00007f6df6ee6bd0 code [0x00007f6df6ee6d20, 0x00007f6df6ee6e30]
Event: 39.932 Thread 0x00007f6e04743800 11731       2       nonapi.io.github.classgraph.concurrency.WorkQueue$WorkUnitWrapper::<init> (18 bytes)
Event: 39.933 Thread 0x00007f6e04743800 nmethod 11731 0x00007f6df6ee8810 code [0x00007f6df6ee8980, 0x00007f6df6ee8b40]

GC Heap History (10 events):
Event: 38.874 GC heap after
Heap after GC invocations=313 (full 9):
 def new generation   total 29952K, used 2010K [0x00000000f0a00000, 0x00000000f2a70000, 0x00000000f5c00000)
  eden space 26688K,   0% used [0x00000000f0a00000, 0x00000000f0a00000, 0x00000000f2410000)
  from space 3264K,  61% used [0x00000000f2740000, 0x00000000f2936a00, 0x00000000f2a70000)
  to   space 3264K,   0% used [0x00000000f2410000, 0x00000000f2410000, 0x00000000f2740000)
 tenured generation   total 66316K, used 51706K [0x00000000f5c00000, 0x00000000f9cc3000, 0x0000000100000000)
   the space 66316K,  77% used [0x00000000f5c00000, 0x00000000f8e7ea70, 0x00000000f8e7ec00, 0x00000000f9cc3000)
 Metaspace       used 86959K, capacity 92296K, committed 92464K, reserved 1130496K
  class space    used 10686K, capacity 11551K, committed 11568K, reserved 1048576K
}
Event: 39.256 GC heap before
{Heap before GC invocations=313 (full 9):
 def new generation   total 29952K, used 28698K [0x00000000f0a00000, 0x00000000f2a70000, 0x00000000f5c00000)
  eden space 26688K, 100% used [0x00000000f0a00000, 0x00000000f2410000, 0x00000000f2410000)
  from space 3264K,  61% used [0x00000000f2740000, 0x00000000f2936a00, 0x00000000f2a70000)
  to   space 3264K,   0% used [0x00000000f2410000, 0x00000000f2410000, 0x00000000f2740000)
 tenured generation   total 66316K, used 51706K [0x00000000f5c00000, 0x00000000f9cc3000, 0x0000000100000000)
   the space 66316K,  77% used [0x00000000f5c00000, 0x00000000f8e7ea70, 0x00000000f8e7ec00, 0x00000000f9cc3000)
 Metaspace       used 87509K, capacity 92978K, committed 93104K, reserved 1130496K
  class space    used 10777K, capacity 11658K, committed 11696K, reserved 1048576K
Event: 39.279 GC heap after
Heap after GC invocations=314 (full 9):
 def new generation   total 29952K, used 2548K [0x00000000f0a00000, 0x00000000f2a70000, 0x00000000f5c00000)
  eden space 26688K,   0% used [0x00000000f0a00000, 0x00000000f0a00000, 0x00000000f2410000)
  from space 3264K,  78% used [0x00000000f2410000, 0x00000000f268d080, 0x00000000f2740000)
  to   space 3264K,   0% used [0x00000000f2740000, 0x00000000f2740000, 0x00000000f2a70000)
 tenured generation   total 66316K, used 52444K [0x00000000f5c00000, 0x00000000f9cc3000, 0x0000000100000000)
   the space 66316K,  79% used [0x00000000f5c00000, 0x00000000f8f371e0, 0x00000000f8f37200, 0x00000000f9cc3000)
 Metaspace       used 87509K, capacity 92978K, committed 93104K, reserved 1130496K
  class space    used 10777K, capacity 11658K, committed 11696K, reserved 1048576K
}
Event: 39.514 GC heap before
{Heap before GC invocations=314 (full 9):
 def new generation   total 29952K, used 29236K [0x00000000f0a00000, 0x00000000f2a70000, 0x00000000f5c00000)
  eden space 26688K, 100% used [0x00000000f0a00000, 0x00000000f2410000, 0x00000000f2410000)
  from space 3264K,  78% used [0x00000000f2410000, 0x00000000f268d080, 0x00000000f2740000)
  to   space 3264K,   0% used [0x00000000f2740000, 0x00000000f2740000, 0x00000000f2a70000)
 tenured generation   total 66316K, used 52444K [0x00000000f5c00000, 0x00000000f9cc3000, 0x0000000100000000)
   the space 66316K,  79% used [0x00000000f5c00000, 0x00000000f8f371e0, 0x00000000f8f37200, 0x00000000f9cc3000)
 Metaspace       used 87797K, capacity 93300K, committed 93360K, reserved 1130496K
  class space    used 10813K, capacity 11673K, committed 11696K, reserved 1048576K
Event: 39.538 GC heap after
Heap after GC invocations=315 (full 9):
 def new generation   total 29952K, used 2116K [0x00000000f0a00000, 0x00000000f2a70000, 0x00000000f5c00000)
  eden space 26688K,   0% used [0x00000000f0a00000, 0x00000000f0a00000, 0x00000000f2410000)
  from space 3264K,  64% used [0x00000000f2740000, 0x00000000f29511a8, 0x00000000f2a70000)
  to   space 3264K,   0% used [0x00000000f2410000, 0x00000000f2410000, 0x00000000f2740000)
 tenured generation   total 66316K, used 53618K [0x00000000f5c00000, 0x00000000f9cc3000, 0x0000000100000000)
   the space 66316K,  80% used [0x00000000f5c00000, 0x00000000f905c8f8, 0x00000000f905ca00, 0x00000000f9cc3000)
 Metaspace       used 87797K, capacity 93300K, committed 93360K, reserved 1130496K
  class space    used 10813K, capacity 11673K, committed 11696K, reserved 1048576K
}
Event: 39.730 GC heap before
{Heap before GC invocations=315 (full 9):
 def new generation   total 29952K, used 28804K [0x00000000f0a00000, 0x00000000f2a70000, 0x00000000f5c00000)
  eden space 26688K, 100% used [0x00000000f0a00000, 0x00000000f2410000, 0x00000000f2410000)
  from space 3264K,  64% used [0x00000000f2740000, 0x00000000f29511a8, 0x00000000f2a70000)
  to   space 3264K,   0% used [0x00000000f2410000, 0x00000000f2410000, 0x00000000f2740000)
 tenured generation   total 66316K, used 53618K [0x00000000f5c00000, 0x00000000f9cc3000, 0x0000000100000000)
   the space 66316K,  80% used [0x00000000f5c00000, 0x00000000f905c8f8, 0x00000000f905ca00, 0x00000000f9cc3000)
 Metaspace       used 87827K, capacity 93336K, committed 93360K, reserved 1130496K
  class space    used 10817K, capacity 11679K, committed 11696K, reserved 1048576K
Event: 39.744 GC heap after
Heap after GC invocations=316 (full 9):
 def new generation   total 29952K, used 3263K [0x00000000f0a00000, 0x00000000f2a70000, 0x00000000f5c00000)
  eden space 26688K,   0% used [0x00000000f0a00000, 0x00000000f0a00000, 0x00000000f2410000)
  from space 3264K,  99% used [0x00000000f2410000, 0x00000000f273fff8, 0x00000000f2740000)
  to   space 3264K,   0% used [0x00000000f2740000, 0x00000000f2740000, 0x00000000f2a70000)
 tenured generation   total 66316K, used 55137K [0x00000000f5c00000, 0x00000000f9cc3000, 0x0000000100000000)
   the space 66316K,  83% used [0x00000000f5c00000, 0x00000000f91d8498, 0x00000000f91d8600, 0x00000000f9cc3000)
 Metaspace       used 87827K, capacity 93336K, committed 93360K, reserved 1130496K
  class space    used 10817K, capacity 11679K, committed 11696K, reserved 1048576K
}
Event: 39.820 GC heap before
{Heap before GC invocations=316 (full 9):
 def new generation   total 29952K, used 29951K [0x00000000f0a00000, 0x00000000f2a70000, 0x00000000f5c00000)
  eden space 26688K, 100% used [0x00000000f0a00000, 0x00000000f2410000, 0x00000000f2410000)
  from space 3264K,  99% used [0x00000000f2410000, 0x00000000f273fff8, 0x00000000f2740000)
  to   space 3264K,   0% used [0x00000000f2740000, 0x00000000f2740000, 0x00000000f2a70000)
 tenured generation   total 66316K, used 55137K [0x00000000f5c00000, 0x00000000f9cc3000, 0x0000000100000000)
   the space 66316K,  83% used [0x00000000f5c00000, 0x00000000f91d8498, 0x00000000f91d8600, 0x00000000f9cc3000)
 Metaspace       used 87828K, capacity 93336K, committed 93360K, reserved 1130496K
  class space    used 10817K, capacity 11679K, committed 11696K, reserved 1048576K
Event: 39.838 GC heap after
Heap after GC invocations=317 (full 9):
 def new generation   total 29952K, used 3264K [0x00000000f0a00000, 0x00000000f2a70000, 0x00000000f5c00000)
  eden space 26688K,   0% used [0x00000000f0a00000, 0x00000000f0a00000, 0x00000000f2410000)
  from space 3264K, 100% used [0x00000000f2740000, 0x00000000f2a70000, 0x00000000f2a70000)
  to   space 3264K,   0% used [0x00000000f2410000, 0x00000000f2410000, 0x00000000f2740000)
 tenured generation   total 66316K, used 61587K [0x00000000f5c00000, 0x00000000f9cc3000, 0x0000000100000000)
   the space 66316K,  92% used [0x00000000f5c00000, 0x00000000f9824ff0, 0x00000000f9825000, 0x00000000f9cc3000)
 Metaspace       used 87828K, capacity 93336K, committed 93360K, reserved 1130496K
  class space    used 10817K, capacity 11679K, committed 11696K, reserved 1048576K
}
Event: 39.934 GC heap before
{Heap before GC invocations=317 (full 9):
 def new generation   total 29952K, used 29952K [0x00000000f0a00000, 0x00000000f2a70000, 0x00000000f5c00000)
  eden space 26688K, 100% used [0x00000000f0a00000, 0x00000000f2410000, 0x00000000f2410000)
  from space 3264K, 100% used [0x00000000f2740000, 0x00000000f2a70000, 0x00000000f2a70000)
  to   space 3264K,   0% used [0x00000000f2410000, 0x00000000f2410000, 0x00000000f2740000)
 tenured generation   total 66316K, used 61587K [0x00000000f5c00000, 0x00000000f9cc3000, 0x0000000100000000)
   the space 66316K,  92% used [0x00000000f5c00000, 0x00000000f9824ff0, 0x00000000f9825000, 0x00000000f9cc3000)
 Metaspace       used 87828K, capacity 93336K, committed 93360K, reserved 1130496K
  class space    used 10817K, capacity 11679K, committed 11696K, reserved 1048576K

Deoptimization events (10 events):
Event: 38.414 Thread 0x00007f6e0400c000 Uncommon trap: reason=unstable_if action=reinterpret pc=0x00007f6df59ce0b4 method=org.springframework.aop.framework.autoproxy.AbstractAutoProxyCreator.predictBeanType(Ljava/lang/Class;Ljava/lang/String;)Ljava/lang/Class; @ 13
Event: 38.723 Thread 0x00007f6e0400c000 Uncommon trap: reason=bimorphic action=maybe_recompile pc=0x00007f6df665f5b4 method=java.util.Collections$SetFromMap.contains(Ljava/lang/Object;)Z @ 5
Event: 38.780 Thread 0x00007f6e0400c000 Uncommon trap: reason=unstable_if action=reinterpret pc=0x00007f6df5359dc0 method=java.util.concurrent.ConcurrentHashMap.transfer([Ljava/util/concurrent/ConcurrentHashMap$Node;[Ljava/util/concurrent/ConcurrentHashMap$Node;)V @ 356
Event: 38.944 Thread 0x00007f6e0400c000 Uncommon trap: reason=class_check action=maybe_recompile pc=0x00007f6df62a75a8 method=sun.reflect.generics.reflectiveObjects.WildcardTypeImpl.getLowerBounds()[Ljava/lang/reflect/Type; @ 37
Event: 39.064 Thread 0x00007f6e0400c000 Uncommon trap: reason=unstable_if action=reinterpret pc=0x00007f6df5c91c94 method=jdk.internal.org.objectweb.asm.Type.getArgumentsAndReturnSizes(Ljava/lang/String;)I @ 41
Event: 39.323 Thread 0x00007f6e04745000 Uncommon trap: reason=class_check action=maybe_recompile pc=0x00007f6df6e7c838 method=java.util.stream.StreamOpFlag.fromCharacteristics(Ljava/util/Spliterator;)I @ 14
Event: 39.333 Thread 0x00007f6e04745000 Uncommon trap: reason=class_check action=maybe_recompile pc=0x00007f6df6e7c838 method=java.util.stream.StreamOpFlag.fromCharacteristics(Ljava/util/Spliterator;)I @ 14
Event: 39.333 Thread 0x00007f6e04745000 Uncommon trap: reason=class_check action=maybe_recompile pc=0x00007f6df6e7c838 method=java.util.stream.StreamOpFlag.fromCharacteristics(Ljava/util/Spliterator;)I @ 14
Event: 39.431 Thread 0x00007f6e0400c000 Uncommon trap: reason=unstable_if action=reinterpret pc=0x00007f6df6c0cd14 method=java.util.concurrent.ConcurrentHashMap.transfer([Ljava/util/concurrent/ConcurrentHashMap$Node;[Ljava/util/concurrent/ConcurrentHashMap$Node;)V @ 356
Event: 39.539 Thread 0x00007f6e04745000 Uncommon trap: reason=class_check action=maybe_recompile pc=0x00007f6df6e7c838 method=java.util.stream.StreamOpFlag.fromCharacteristics(Ljava/util/Spliterator;)I @ 14

Classes redefined (0 events):
No events

Internal exceptions (10 events):
Event: 39.666 Thread 0x00007f6e0400c000 Exception <a 'java/lang/ClassNotFoundException': org/springframework/web/servlet/function/support/RouterFunctionMappingCustomizer> (0x00000000f181d9e8) thrown at [/scratch/jenkins/workspace/8-2-build-linux-amd64/jdk8u271/605/hotspot/src/share/vm/classfile
Event: 39.667 Thread 0x00007f6e0400c000 Exception <a 'java/lang/ClassNotFoundException': org/springframework/beans/factory/InitializingBeanCustomizer> (0x00000000f185c238) thrown at [/scratch/jenkins/workspace/8-2-build-linux-amd64/jdk8u271/605/hotspot/src/share/vm/classfile/systemDictionary.cp
Event: 39.669 Thread 0x00007f6e0400c000 Exception <a 'java/lang/ClassNotFoundException': org/springframework/web/servlet/HandlerMappingCustomizer> (0x00000000f187c718) thrown at [/scratch/jenkins/workspace/8-2-build-linux-amd64/jdk8u271/605/hotspot/src/share/vm/classfile/systemDictionary.cpp, l
Event: 39.670 Thread 0x00007f6e0400c000 Exception <a 'java/lang/ClassNotFoundException': org/springframework/core/OrderedCustomizer> (0x00000000f18973a0) thrown at [/scratch/jenkins/workspace/8-2-build-linux-amd64/jdk8u271/605/hotspot/src/share/vm/classfile/systemDictionary.cpp, line 212]
Event: 39.671 Thread 0x00007f6e0400c000 Exception <a 'java/lang/ClassNotFoundException': org/springframework/beans/factory/BeanNameAwareCustomizer> (0x00000000f18b7cb0) thrown at [/scratch/jenkins/workspace/8-2-build-linux-amd64/jdk8u271/605/hotspot/src/share/vm/classfile/systemDictionary.cpp, 
Event: 39.671 Thread 0x00007f6e0400c000 Exception <a 'java/lang/ClassNotFoundException': org/springframework/beans/factory/AwareCustomizer> (0x00000000f18d5900) thrown at [/scratch/jenkins/workspace/8-2-build-linux-amd64/jdk8u271/605/hotspot/src/share/vm/classfile/systemDictionary.cpp, line 212
Event: 39.672 Thread 0x00007f6e0400c000 Exception <a 'java/lang/ClassNotFoundException': org/springframework/web/context/ServletContextAwareCustomizer> (0x00000000f18f7608) thrown at [/scratch/jenkins/workspace/8-2-build-linux-amd64/jdk8u271/605/hotspot/src/share/vm/classfile/systemDictionary.c
Event: 39.674 Thread 0x00007f6e0400c000 Exception <a 'java/lang/ClassNotFoundException': org/springframework/beans/factory/AwareCustomizer> (0x00000000f19152e8) thrown at [/scratch/jenkins/workspace/8-2-build-linux-amd64/jdk8u271/605/hotspot/src/share/vm/classfile/systemDictionary.cpp, line 212
Event: 39.677 Thread 0x00007f6e0400c000 Exception <a 'java/lang/ClassNotFoundException': org/springframework/context/ApplicationContextAwareCustomizer> (0x00000000f1936f50) thrown at [/scratch/jenkins/workspace/8-2-build-linux-amd64/jdk8u271/605/hotspot/src/share/vm/classfile/systemDictionary.c
Event: 39.677 Thread 0x00007f6e0400c000 Exception <a 'java/lang/ClassNotFoundException': org/springframework/beans/factory/AwareCustomizer> (0x00000000f19551c8) thrown at [/scratch/jenkins/workspace/8-2-build-linux-amd64/jdk8u271/605/hotspot/src/share/vm/classfile/systemDictionary.cpp, line 212

Events (10 events):
Event: 39.677 loading class org/springframework/beans/factory/AwareCustomizer done
Event: 39.700 loading class java/lang/ModuleLayer
Event: 39.700 loading class java/lang/ModuleLayer done
Event: 39.708 Thread 0x00007f6e05f34800 Thread added: 0x00007f6e05f34800
Event: 39.712 Thread 0x00005567429cd000 Thread added: 0x00005567429cd000
Event: 39.730 Executing VM operation: GenCollectForAllocation
Event: 39.750 Executing VM operation: GenCollectForAllocation done
Event: 39.820 Executing VM operation: GenCollectForAllocation
Event: 39.844 Executing VM operation: GenCollectForAllocation done
Event: 39.934 Executing VM operation: GenCollectForAllocation


Dynamic libraries:
f0a00000-f2a70000 rw-p 00000000 00:00 0 
f2a70000-f5c00000 ---p 00000000 00:00 0 
f5c00000-fa053000 rw-p 00000000 00:00 0 
fca26000-100000000 ---p 00000000 00:00 0 
100000000-100b6c000 rw-p 00000000 00:00 0 
100b6c000-140000000 ---p 00000000 00:00 0 
55674140c000-55674140d000 r-xp 00000000 ca:01 4679561                    /opt/java/jdk1.8.0_271/jre/bin/java
55674160c000-55674160d000 r--p 00000000 ca:01 4679561                    /opt/java/jdk1.8.0_271/jre/bin/java
55674160d000-55674160e000 rw-p 00001000 ca:01 4679561                    /opt/java/jdk1.8.0_271/jre/bin/java
5567429b6000-556742af0000 rw-p 00000000 00:00 0                          [heap]
7f6dcb0fd000-7f6dcb2bd000 rw-p 00000000 00:00 0 
7f6dcb2bd000-7f6dcb2fd000 ---p 00000000 00:00 0 
7f6dcb2fd000-7f6dcb4fd000 rw-p 00000000 00:00 0 
7f6dcb4fd000-7f6dcb6fd000 rw-p 00000000 00:00 0 
7f6dcb6fd000-7f6dcb8fd000 rw-p 00000000 00:00 0 
7f6dcb8fd000-7f6dcb900000 ---p 00000000 00:00 0 
7f6dcb900000-7f6dcb9fe000 rw-p 00000000 00:00 0 
7f6dcb9fe000-7f6dcba01000 ---p 00000000 00:00 0 
7f6dcba01000-7f6dcbaff000 rw-p 00000000 00:00 0 
7f6dcbaff000-7f6dcbb02000 ---p 00000000 00:00 0 
7f6dcbb02000-7f6dcbe00000 rw-p 00000000 00:00 0 
7f6dcbe00000-7f6dcc000000 rw-p 00000000 00:00 0 
7f6dcc000000-7f6dcc119000 rw-p 00000000 00:00 0 
7f6dcc119000-7f6dd0000000 ---p 00000000 00:00 0 
7f6dd00ed000-7f6dd02ed000 rw-p 00000000 00:00 0 
7f6dd02ed000-7f6dd04ed000 rw-p 00000000 00:00 0 
7f6dd04ed000-7f6dd06ed000 rw-p 00000000 00:00 0 
7f6dd06ed000-7f6dd08ed000 rw-p 00000000 00:00 0 
7f6dd08ed000-7f6dd0aed000 rw-p 00000000 00:00 0 
7f6dd0aed000-7f6dd0ced000 rw-p 00000000 00:00 0 
7f6dd0ced000-7f6dd0eed000 rw-p 00000000 00:00 0 
7f6dd0eed000-7f6dd10ed000 rw-p 00000000 00:00 0 
7f6dd10ed000-7f6dd12ed000 rw-p 00000000 00:00 0 
7f6dd12ed000-7f6dd14ed000 rw-p 00000000 00:00 0 
7f6dd14ed000-7f6dd16ed000 rw-p 00000000 00:00 0 
7f6dd16ed000-7f6dd18ed000 rw-p 00000000 00:00 0 
7f6dd18ed000-7f6dd1aed000 rw-p 00000000 00:00 0 
7f6dd1aed000-7f6dd1ced000 rw-p 00000000 00:00 0 
7f6dd1ced000-7f6dd1cf0000 ---p 00000000 00:00 0 
7f6dd1cf0000-7f6dd1fee000 rw-p 00000000 00:00 0 
7f6dd1fee000-7f6dd21ee000 rw-p 00000000 00:00 0 
7f6dd21ee000-7f6dd23ee000 rw-p 00000000 00:00 0 
7f6dd23ee000-7f6dd25ee000 rw-p 00000000 00:00 0 
7f6dd25ee000-7f6dd27ee000 rw-p 00000000 00:00 0 
7f6dd27ee000-7f6dd29ee000 rw-p 00000000 00:00 0 
7f6dd29ee000-7f6dd2bee000 rw-p 00000000 00:00 0 
7f6dd2bee000-7f6dd2dee000 rw-p 00000000 00:00 0 
7f6dd2dee000-7f6dd2fee000 rw-p 00000000 00:00 0 
7f6dd2fee000-7f6dd31ee000 rw-p 00000000 00:00 0 
7f6dd31ee000-7f6dd33ee000 rw-p 00000000 00:00 0 
7f6dd33ee000-7f6dd35ee000 rw-p 00000000 00:00 0 
7f6dd35ee000-7f6dd37ee000 rw-p 00000000 00:00 0 
7f6dd37ee000-7f6dd39ee000 rw-p 00000000 00:00 0 
7f6dd3a31000-7f6dd3a34000 ---p 00000000 00:00 0 
7f6dd3a34000-7f6dd3b32000 rw-p 00000000 00:00 0 
7f6dd3b32000-7f6dd3bc7000 r--s 0110f000 ca:01 8410470                    /opt/java/jdk1.8.0_271/jre/lib/ext/jfxrt.jar
7f6dd3bc7000-7f6dd3dc7000 rw-p 00000000 00:00 0 
7f6dd3dc7000-7f6dd3fc7000 rw-p 00000000 00:00 0 
7f6dd3fc7000-7f6dd3fca000 ---p 00000000 00:00 0 
7f6dd3fca000-7f6dd4000000 rw-p 00000000 00:00 0 
7f6dd4000000-7f6dd59dd000 rw-p 00000000 00:00 0 
7f6dd59dd000-7f6dd8000000 ---p 00000000 00:00 0 
7f6dd8000000-7f6dd8fc2000 rw-p 00000000 00:00 0 
7f6dd8fc2000-7f6ddc000000 ---p 00000000 00:00 0 
7f6ddc000000-7f6ddc101000 rw-p 00000000 00:00 0 
7f6ddc101000-7f6de0000000 ---p 00000000 00:00 0 
7f6de0009000-7f6de001a000 r--s 001c1000 ca:01 8410477                    /opt/java/jdk1.8.0_271/jre/lib/jsse.jar
7f6de001a000-7f6de002c000 r--s 00353000 ca:01 8410479                    /opt/java/jdk1.8.0_271/jre/lib/resources.jar
7f6de002c000-7f6de002f000 ---p 00000000 00:00 0 
7f6de002f000-7f6de012d000 rw-p 00000000 00:00 0 
7f6de012d000-7f6de0136000 r-xp 00000000 ca:01 12587125                   /opt/java/jdk1.8.0_271/jre/lib/amd64/libmanagement.so
7f6de0136000-7f6de0335000 ---p 00009000 ca:01 12587125                   /opt/java/jdk1.8.0_271/jre/lib/amd64/libmanagement.so
7f6de0335000-7f6de0336000 r--p 00008000 ca:01 12587125                   /opt/java/jdk1.8.0_271/jre/lib/amd64/libmanagement.so
7f6de0336000-7f6de0337000 rw-p 00009000 ca:01 12587125                   /opt/java/jdk1.8.0_271/jre/lib/amd64/libmanagement.so
7f6de0337000-7f6de033a000 ---p 00000000 00:00 0 
7f6de033a000-7f6de0438000 rw-p 00000000 00:00 0 
7f6de0438000-7f6de0439000 ---p 00000000 00:00 0 
7f6de0439000-7f6de0539000 rw-p 00000000 00:00 0 
7f6de0539000-7f6de053c000 ---p 00000000 00:00 0 
7f6de053c000-7f6de063a000 rw-p 00000000 00:00 0 
7f6de063a000-7f6de063b000 ---p 00000000 00:00 0 
7f6de063b000-7f6de063e000 ---p 00000000 00:00 0 
7f6de063e000-7f6de073b000 rw-p 00000000 00:00 0 
7f6de073b000-7f6de073c000 ---p 00000000 00:00 0 
7f6de073c000-7f6de073f000 ---p 00000000 00:00 0 
7f6de073f000-7f6de083c000 rw-p 00000000 00:00 0 
7f6de083c000-7f6de084d000 r-xp 00000000 ca:01 12587133                   /opt/java/jdk1.8.0_271/jre/lib/amd64/libnio.so
7f6de084d000-7f6de0a4c000 ---p 00011000 ca:01 12587133                   /opt/java/jdk1.8.0_271/jre/lib/amd64/libnio.so
7f6de0a4c000-7f6de0a4d000 r--p 00010000 ca:01 12587133                   /opt/java/jdk1.8.0_271/jre/lib/amd64/libnio.so
7f6de0a4d000-7f6de0a4e000 rw-p 00011000 ca:01 12587133                   /opt/java/jdk1.8.0_271/jre/lib/amd64/libnio.so
7f6de0a4e000-7f6de0a61000 r-xp 00000000 ca:01 69128                      /usr/lib64/libresolv-2.26.so
7f6de0a61000-7f6de0c60000 ---p 00013000 ca:01 69128                      /usr/lib64/libresolv-2.26.so
7f6de0c60000-7f6de0c61000 r--p 00012000 ca:01 69128                      /usr/lib64/libresolv-2.26.so
7f6de0c61000-7f6de0c62000 rw-p 00013000 ca:01 69128                      /usr/lib64/libresolv-2.26.so
7f6de0c62000-7f6de0c64000 rw-p 00000000 00:00 0 
7f6de0c64000-7f6de0c69000 r-xp 00000000 ca:01 69122                      /usr/lib64/libnss_dns-2.26.so
7f6de0c69000-7f6de0e68000 ---p 00005000 ca:01 69122                      /usr/lib64/libnss_dns-2.26.so
7f6de0e68000-7f6de0e69000 r--p 00004000 ca:01 69122                      /usr/lib64/libnss_dns-2.26.so
7f6de0e69000-7f6de0e6a000 rw-p 00005000 ca:01 69122                      /usr/lib64/libnss_dns-2.26.so
7f6de0e70000-7f6de1170000 rw-p 00000000 00:00 0 
7f6de1170000-7f6de1186000 r-xp 00000000 ca:01 12587118                   /opt/java/jdk1.8.0_271/jre/lib/amd64/libnet.so
7f6de1186000-7f6de1385000 ---p 00016000 ca:01 12587118                   /opt/java/jdk1.8.0_271/jre/lib/amd64/libnet.so
7f6de1385000-7f6de1386000 r--p 00015000 ca:01 12587118                   /opt/java/jdk1.8.0_271/jre/lib/amd64/libnet.so
7f6de1386000-7f6de1387000 rw-p 00016000 ca:01 12587118                   /opt/java/jdk1.8.0_271/jre/lib/amd64/libnet.so
7f6de1387000-7f6de138d000 r--s 0003f000 ca:01 217458                     /home/surya/.m2/repository/org/jacoco/org.jacoco.agent/0.8.5/org.jacoco.agent-0.8.5-runtime.jar
7f6de138d000-7f6de1390000 r--s 00015000 ca:01 9171500                    /home/surya/.m2/repository/org/junit/platform/junit-platform-launcher/1.3.1/junit-platform-launcher-1.3.1.jar
7f6de1390000-7f6de1393000 r--s 0000e000 ca:01 9171498                    /home/surya/.m2/repository/org/apache/maven/surefire/surefire-junit-platform/2.22.2/surefire-junit-platform-2.22.2.jar
7f6de1393000-7f6de13be000 r--s 0014d000 ca:01 5152296                    /home/surya/.m2/repository/org/springframework/boot/spring-boot-autoconfigure/2.4.1/spring-boot-autoconfigure-2.4.1.jar
7f6de13be000-7f6de13da000 r--s 00122000 ca:01 14357727                   /home/surya/.m2/repository/org/springframework/boot/spring-boot/2.4.1/spring-boot-2.4.1.jar
7f6de13da000-7f6de13e0000 r--s 00032000 ca:01 9081079                    /home/surya/.m2/repository/org/springframework/boot/spring-boot-devtools/2.4.1/spring-boot-devtools-2.4.1.jar
7f6de13e0000-7f6de13e7000 r--s 0009b000 ca:01 186664                     /home/surya/.m2/repository/org/webjars/bootstrap/3.3.6/bootstrap-3.3.6.jar
7f6de13e7000-7f6de13e9000 r--s 0003d000 ca:01 5152294                    /home/surya/.m2/repository/org/webjars/jquery-ui/1.11.4/jquery-ui-1.11.4.jar
7f6de13e9000-7f6de13ed000 r--s 00052000 ca:01 5152292                    /home/surya/.m2/repository/com/fasterxml/jackson/core/jackson-core/2.11.3/jackson-core-2.11.3.jar
7f6de13ed000-7f6de13f4000 r--s 00071000 ca:01 5152291                    /home/surya/.m2/repository/io/github/classgraph/classgraph/4.8.69/classgraph-4.8.69.jar
7f6de13f4000-7f6de1409000 r--s 000e8000 ca:01 9081075                    /home/surya/.m2/repository/org/glassfish/jaxb/jaxb-runtime/2.3.3/jaxb-runtime-2.3.3.jar
7f6de1409000-7f6de1430000 r--s 0019e000 ca:01 9081073                    /home/surya/.m2/repository/org/ehcache/ehcache/3.9.0/ehcache-3.9.0.jar
7f6de1430000-7f6de8000000 r--p 00000000 ca:01 13536735                   /usr/lib/locale/locale-archive
7f6de8000000-7f6de8021000 rw-p 00000000 00:00 0 
7f6de8021000-7f6dec000000 ---p 00000000 00:00 0 
7f6dec000000-7f6dec0b3000 rw-p 00000000 00:00 0 
7f6dec0b3000-7f6df0000000 ---p 00000000 00:00 0 
7f6df0000000-7f6df04af000 rw-p 00000000 00:00 0 
7f6df04af000-7f6df4000000 ---p 00000000 00:00 0 
7f6df4001000-7f6df4002000 r--s 00027000 ca:01 14357725                   /home/surya/.m2/repository/org/webjars/jquery/2.2.4/jquery-2.2.4.jar
7f6df4002000-7f6df4003000 r--s 00003000 ca:01 5152288                    /home/surya/.m2/repository/org/webjars/webjars-locator-core/0.46/webjars-locator-core-0.46.jar
7f6df4003000-7f6df4005000 r--s 0000f000 ca:01 186669                     /home/surya/.m2/repository/com/sun/activation/jakarta.activation/1.2.2/jakarta.activation-1.2.2.jar
7f6df4005000-7f6df4007000 r--s 00006000 ca:01 14357723                   /home/surya/.m2/repository/com/sun/istack/istack-commons-runtime/3.0.11/istack-commons-runtime-3.0.11.jar
7f6df4007000-7f6df4009000 r--s 00010000 ca:01 9081077                    /home/surya/.m2/repository/org/glassfish/jaxb/txw2/2.3.3/txw2-2.3.3.jar
7f6df4009000-7f6df400b000 r--s 00009000 ca:01 5152286                    /home/surya/.m2/repository/org/slf4j/slf4j-api/1.7.30/slf4j-api-1.7.30.jar
7f6df400b000-7f6df400e000 r--s 0000a000 ca:01 14357721                   /home/surya/.m2/repository/javax/cache/cache-api/1.1.1/cache-api-1.1.1.jar
7f6df400e000-7f6df4028000 r--s 0022e000 ca:01 186667                     /home/surya/.m2/repository/mysql/mysql-connector-java/8.0.22/mysql-connector-java-8.0.22.jar
7f6df4028000-7f6df403d000 r--s 0021e000 ca:01 5152284                    /home/surya/.m2/repository/com/h2database/h2/1.4.200/h2-1.4.200.jar
7f6df403d000-7f6df4042000 r--s 00025000 ca:01 186665                     /home/surya/.m2/repository/org/xmlunit/xmlunit-core/2.7.0/xmlunit-core-2.7.0.jar
7f6df4042000-7f6df4053000 r--s 000a8000 ca:01 5152282                    /home/surya/.m2/repository/org/springframework/spring-test/5.3.2/spring-test-5.3.2.jar
7f6df4053000-7f6df4054000 r--s 00005000 ca:01 9081071                    /home/surya/.m2/repository/org/springframework/spring-jcl/5.3.2/spring-jcl-5.3.2.jar
7f6df4054000-7f6df406f000 r--s 0014b000 ca:01 186663                     /home/surya/.m2/repository/org/springframework/spring-core/5.3.2/spring-core-5.3.2.jar
7f6df406f000-7f6df4070000 r--s 00004000 ca:01 186661                     /home/surya/.m2/repository/com/vaadin/external/google/android-json/0.0.20131108.vaadin1/android-json-0.0.20131108.vaadin1.jar
7f6df4070000-7f6df4072000 r--s 00006000 ca:01 14357719                   /home/surya/.m2/repository/org/skyscreamer/jsonassert/1.5.0/jsonassert-1.5.0.jar
7f6df4072000-7f6df4073000 r--s 00001000 ca:01 186660                     /home/surya/.m2/repository/org/mockito/mockito-junit-jupiter/3.6.28/mockito-junit-jupiter-3.6.28.jar
7f6df4073000-7f6df4075000 r--s 0000d000 ca:01 186657                     /home/surya/.m2/repository/org/objenesis/objenesis/3.1/objenesis-3.1.jar
7f6df4075000-7f6df4078000 r--s 0003d000 ca:01 5152280                    /home/surya/.m2/repository/net/bytebuddy/byte-buddy-agent/1.10.18/byte-buddy-agent-1.10.18.jar
7f6df4078000-7f6df408b000 r--s 00092000 ca:01 14357717                   /home/surya/.m2/repository/org/mockito/mockito-core/3.6.28/mockito-core-3.6.28.jar
7f6df408b000-7f6df4090000 r--s 00028000 ca:01 185759                     /home/surya/.m2/repository/org/junit/platform/junit-platform-engine/1.7.0/junit-platform-engine-1.7.0.jar
7f6df4090000-7f6df4094000 r--s 00030000 ca:01 9081069                    /home/surya/.m2/repository/org/junit/jupiter/junit-jupiter-engine/5.7.0/junit-jupiter-engine-5.7.0.jar
7f6df4094000-7f6df40a1000 r--s 0007e000 ca:01 185755                     /home/surya/.m2/repository/org/junit/jupiter/junit-jupiter-params/5.7.0/junit-jupiter-params-5.7.0.jar
7f6df40a1000-7f6df40a4000 r--s 00016000 ca:01 9081066                    /home/surya/.m2/repository/org/junit/platform/junit-platform-commons/1.7.0/junit-platform-commons-1.7.0.jar
7f6df40a4000-7f6df40a5000 r--s 00001000 ca:01 14357715                   /home/surya/.m2/repository/org/opentest4j/opentest4j/1.2.0/opentest4j-1.2.0.jar
7f6df40a5000-7f6df40a6000 r--s 00000000 ca:01 185756                     /home/surya/.m2/repository/org/apiguardian/apiguardian-api/1.1.0/apiguardian-api-1.1.0.jar
7f6df40a6000-7f6df40ab000 r--s 00026000 ca:01 5152275                    /home/surya/.m2/repository/org/junit/jupiter/junit-jupiter-api/5.7.0/junit-jupiter-api-5.7.0.jar
7f6df40ab000-7f6df40ac000 r--s 00001000 ca:01 14357713                   /home/surya/.m2/repository/org/junit/jupiter/junit-jupiter/5.7.0/junit-jupiter-5.7.0.jar
7f6df40ac000-7f6df40b0000 r--s 0001b000 ca:01 185753                     /home/surya/.m2/repository/org/hamcrest/hamcrest/2.2/hamcrest-2.2.jar
7f6df40b0000-7f6df4119000 r--s 00428000 ca:01 14357711                   /home/surya/.m2/repository/org/assertj/assertj-core/3.18.1/assertj-core-3.18.1.jar
7f6df4119000-7f6df411b000 r--s 0000a000 ca:01 185751                     /home/surya/.m2/repository/jakarta/activation/jakarta.activation-api/1.2.2/jakarta.activation-api-1.2.2.jar
7f6df411b000-7f6df411f000 r--s 00019000 ca:01 9081067                    /home/surya/.m2/repository/jakarta/xml/bind/jakarta.xml.bind-api/2.3.3/jakarta.xml.bind-api-2.3.3.jar
7f6df411f000-7f6df4121000 r--s 0000c000 ca:01 5152274                    /home/surya/.m2/repository/org/ow2/asm/asm/5.0.4/asm-5.0.4.jar
7f6df4121000-7f6df4123000 r--s 00006000 ca:01 5152276                    /home/surya/.m2/repository/net/minidev/accessors-smart/1.2/accessors-smart-1.2.jar
7f6df4123000-7f6df4126000 r--s 0001b000 ca:01 5152272                    /home/surya/.m2/repository/net/minidev/json-smart/2.3/json-smart-2.3.jar
7f6df4126000-7f6df412c000 r--s 00031000 ca:01 9081063                    /home/surya/.m2/repository/com/jayway/jsonpath/json-path/2.4.0/json-path-2.4.0.jar
7f6df412c000-7f6df4133000 r--s 00026000 ca:01 9081061                    /home/surya/.m2/repository/org/springframework/boot/spring-boot-test-autoconfigure/2.4.1/spring-boot-test-autoconfigure-2.4.1.jar
7f6df4133000-7f6df4139000 r--s 00030000 ca:01 185749                     /home/surya/.m2/repository/org/springframework/boot/spring-boot-test/2.4.1/spring-boot-test-2.4.1.jar
7f6df4139000-7f6df413a000 r--s 00001000 ca:01 9081059                    /home/surya/.m2/repository/org/springframework/boot/spring-boot-starter-test/2.4.1/spring-boot-starter-test-2.4.1.jar
7f6df413a000-7f6df413b000 r--s 00009000 ca:01 185747                     /home/surya/.m2/repository/org/thymeleaf/extras/thymeleaf-extras-java8time/3.0.4.RELEASE/thymeleaf-extras-java8time-3.0.4.RELEASE.jar
7f6df413b000-7f6df413e000 r--s 00028000 ca:01 5152270                    /home/surya/.m2/repository/org/unbescape/unbescape/1.1.6.RELEASE/unbescape-1.1.6.RELEASE.jar
7f6df413e000-7f6df4143000 r--s 00037000 ca:01 9081057                    /home/surya/.m2/repository/org/attoparser/attoparser/2.0.5.RELEASE/attoparser-2.0.5.RELEASE.jar
7f6df4143000-7f6df4153000 r--s 000c5000 ca:01 14357710                   /home/surya/.m2/repository/org/thymeleaf/thymeleaf/3.0.11.RELEASE/thymeleaf-3.0.11.RELEASE.jar
7f6df4153000-7f6df4158000 r--s 00027000 ca:01 5152268                    /home/surya/.m2/repository/org/thymeleaf/thymeleaf-spring5/3.0.11.RELEASE/thymeleaf-spring5-3.0.11.RELEASE.jar
7f6df4158000-7f6df4159000 r--s 00001000 ca:01 9080415                    /home/surya/.m2/repository/org/springframework/boot/spring-boot-starter-thymeleaf/2.4.1/spring-boot-starter-thymeleaf-2.4.1.jar
7f6df4159000-7f6df415e000 r--s 00012000 ca:01 185745                     /home/surya/.m2/repository/jakarta/validation/jakarta.validation-api/2.0.2/jakarta.validation-api-2.0.2.jar
7f6df415e000-7f6df417f000 r--s 0011c000 ca:01 14357707                   /home/surya/.m2/repository/org/hibernate/validator/hibernate-validator/6.1.6.Final/hibernate-validator-6.1.6.Final.jar
7f6df417f000-7f6df4184000 r--s 00036000 ca:01 14357705                   /home/surya/.m2/repository/org/glassfish/jakarta.el/3.0.3/jakarta.el-3.0.3.jar
7f6df4184000-7f6df4185000 r--s 00001000 ca:01 185743                     /home/surya/.m2/repository/org/springframework/boot/spring-boot-starter-validation/2.4.1/spring-boot-starter-validation-2.4.1.jar
7f6df4185000-7f6df418a000 r--s 00040000 ca:01 14357703                   /home/surya/.m2/repository/org/springframework/spring-expression/5.3.2/spring-expression-5.3.2.jar
7f6df418a000-7f6df419d000 r--s 000e1000 ca:01 9080413                    /home/surya/.m2/repository/org/springframework/spring-webmvc/5.3.2/spring-webmvc-5.3.2.jar
7f6df419d000-7f6df41bb000 r--s 0015d000 ca:01 14357701                   /home/surya/.m2/repository/org/springframework/spring-web/5.3.2/spring-web-5.3.2.jar
7f6df41bb000-7f6df41c1000 r--s 0003d000 ca:01 5152266                    /home/surya/.m2/repository/org/apache/tomcat/embed/tomcat-embed-websocket/9.0.41/tomcat-embed-websocket-9.0.41.jar
7f6df41c1000-7f6df41ec000 r--s 00316000 ca:01 5152264                    /home/surya/.m2/repository/org/apache/tomcat/embed/tomcat-embed-core/9.0.41/tomcat-embed-core-9.0.41.jar
7f6df41ec000-7f6df41ed000 r--s 00001000 ca:01 5152262                    /home/surya/.m2/repository/org/springframework/boot/spring-boot-starter-tomcat/2.4.1/spring-boot-starter-tomcat-2.4.1.jar
7f6df41ed000-7f6df41ef000 r--s 00001000 ca:01 14357699                   /home/surya/.m2/repository/com/fasterxml/jackson/module/jackson-module-parameter-names/2.11.3/jackson-module-parameter-names-2.11.3.jar
7f6df41ef000-7f6df41f1000 r--s 00007000 ca:01 5152260                    /home/surya/.m2/repository/com/fasterxml/jackson/datatype/jackson-datatype-jdk8/2.11.3/jackson-datatype-jdk8-2.11.3.jar
7f6df41f1000-7f6df41f2000 r--s 00001000 ca:01 9080411                    /home/surya/.m2/repository/org/springframework/boot/spring-boot-starter-json/2.4.1/spring-boot-starter-json-2.4.1.jar
7f6df41f2000-7f6df41f3000 r--s 00001000 ca:01 185741                     /home/surya/.m2/repository/org/springframework/boot/spring-boot-starter-web/2.4.1/spring-boot-starter-web-2.4.1.jar
7f6df41f3000-7f6df41f5000 r--s 0000a000 ca:01 9080409                    /home/surya/.m2/repository/org/springframework/spring-aspects/5.3.2/spring-aspects-5.3.2.jar
7f6df41f5000-7f6df41ff000 r--s 00047000 ca:01 9080407                    /home/surya/.m2/repository/org/springframework/spring-tx/5.3.2/spring-tx-5.3.2.jar
7f6df41ff000-7f6df4203000 r--s 0002d000 ca:01 185739                     /home/surya/.m2/repository/org/springframework/spring-orm/5.3.2/spring-orm-5.3.2.jar
7f6df4203000-7f6df421d000 r--s 00115000 ca:01 14357697                   /home/surya/.m2/repository/org/springframework/data/spring-data-commons/2.4.2/spring-data-commons-2.4.2.jar
7f6df421d000-7f6df4225000 r--s 00052000 ca:01 185737                     /home/surya/.m2/repository/org/springframework/data/spring-data-jpa/2.4.2/spring-data-jpa-2.4.2.jar
7f6df4225000-7f6df4228000 r--s 00011000 ca:01 14357215                   /home/surya/.m2/repository/org/hibernate/common/hibernate-commons-annotations/5.1.2.Final/hibernate-commons-annotations-5.1.2.Final.jar
7f6df4228000-7f6df422d000 r--s 0004b000 ca:01 185735                     /home/surya/.m2/repository/org/dom4j/dom4j/2.1.3/dom4j-2.1.3.jar
7f6df422d000-7f6df422f000 r--s 0000f000 ca:01 185733                     /home/surya/.m2/repository/com/fasterxml/classmate/1.5.1/classmate-1.5.1.jar
7f6df422f000-7f6df4232000 r--s 0002d000 ca:01 5152258                    /home/surya/.m2/repository/org/jboss/jandex/2.1.3.Final/jandex-2.1.3.Final.jar
7f6df4232000-7f6df4237000 r--s 00068000 ca:01 14357213                   /home/surya/.m2/repository/antlr/antlr/2.7.7/antlr-2.7.7.jar
7f6df4237000-7f6df4282000 r--s 0030b000 ca:01 185731                     /home/surya/.m2/repository/net/bytebuddy/byte-buddy/1.10.18/byte-buddy-1.10.18.jar
7f6df4282000-7f6df428d000 r--s 000b5000 ca:01 5152256                    /home/surya/.m2/repository/org/javassist/javassist/3.27.0-GA/javassist-3.27.0-GA.jar
7f6df428d000-7f6df428f000 r--s 0000d000 ca:01 4205790                    /home/surya/.m2/repository/org/jboss/logging/jboss-logging/3.4.1.Final/jboss-logging-3.4.1.Final.jar
7f6df428f000-7f6df4315000 r--s 0067b000 ca:01 9080405                    /home/surya/.m2/repository/org/hibernate/hibernate-core/5.4.25.Final/hibernate-core-5.4.25.Final.jar
7f6df4315000-7f6df431b000 r--s 00023000 ca:01 185726                     /home/surya/.m2/repository/jakarta/persistence/jakarta.persistence-api/2.2.3/jakarta.persistence-api-2.2.3.jar
7f6df431b000-7f6df431c000 r--s 00003000 ca:01 4205788                    /home/surya/.m2/repository/jakarta/transaction/jakarta.transaction-api/1.3.3/jakarta.transaction-api-1.3.3.jar
7f6df431c000-7f6df4325000 r--s 0005d000 ca:01 4205786                    /home/surya/.m2/repository/org/springframework/spring-jdbc/5.3.2/spring-jdbc-5.3.2.jar
7f6df4325000-7f6df4329000 r--s 00023000 ca:01 185727                     /home/surya/.m2/repository/com/zaxxer/HikariCP/3.4.5/HikariCP-3.4.5.jar
7f6df4329000-7f6df432a000 r--s 00001000 ca:01 4205784                    /home/surya/.m2/repository/org/springframework/boot/spring-boot-starter-jdbc/2.4.1/spring-boot-starter-jdbc-2.4.1.jar
7f6df432a000-7f6df4343000 r--s 001dc000 ca:01 14357211                   /home/surya/.m2/repository/org/aspectj/aspectjweaver/1.9.6/aspectjweaver-1.9.6.jar
7f6df4343000-7f6df434c000 r--s 00053000 ca:01 185725                     /home/surya/.m2/repository/org/springframework/spring-aop/5.3.2/spring-aop-5.3.2.jar
7f6df434c000-7f6df434d000 r--s 00001000 ca:01 9080403                    /home/surya/.m2/repository/org/springframework/boot/spring-boot-starter-aop/2.4.1/spring-boot-starter-aop-2.4.1.jar
7f6df434d000-7f6df434e000 r--s 00001000 ca:01 185723                     /home/surya/.m2/repository/org/springframework/boot/spring-boot-starter-data-jpa/2.4.1/spring-boot-starter-data-jpa-2.4.1.jar
7f6df434e000-7f6df436a000 r--s 00114000 ca:01 14357209                   /home/surya/.m2/repository/org/springframework/spring-context/5.3.2/spring-context-5.3.2.jar
7f6df436a000-7f6df4376000 r--s 0009e000 ca:01 4205782                    /home/surya/.m2/repository/org/springframework/spring-beans/5.3.2/spring-beans-5.3.2.jar
7f6df4376000-7f6df437a000 r--s 00029000 ca:01 9080401                    /home/surya/.m2/repository/org/springframework/spring-context-support/5.3.2/spring-context-support-5.3.2.jar
7f6df437a000-7f6df4385000 r--s 0008a000 ca:01 4205778                    /home/surya/.m2/repository/io/micrometer/micrometer-core/1.6.2/micrometer-core-1.6.2.jar
7f6df4385000-7f6df439b000 r--s 00146000 ca:01 4205776                    /home/surya/.m2/repository/com/fasterxml/jackson/core/jackson-databind/2.11.3/jackson-databind-2.11.3.jar
7f6df439b000-7f6df43ac000 r--s 00080000 ca:01 185715                     /home/surya/.m2/repository/org/springframework/boot/spring-boot-actuator/2.4.1/spring-boot-actuator-2.4.1.jar
7f6df43ac000-7f6df43af000 ---p 00000000 00:00 0 
7f6df43af000-7f6df44ad000 rw-p 00000000 00:00 0 
7f6df44ad000-7f6df44b0000 ---p 00000000 00:00 0 
7f6df44b0000-7f6df45ae000 rw-p 00000000 00:00 0 
7f6df45ae000-7f6df45b1000 ---p 00000000 00:00 0 
7f6df45b1000-7f6df46af000 rw-p 00000000 00:00 0 
7f6df46af000-7f6df46b0000 ---p 00000000 00:00 0 
7f6df46b0000-7f6df5000000 rw-p 00000000 00:00 0 
7f6df5000000-7f6df6ef0000 rwxp 00000000 00:00 0 
7f6df6ef0000-7f6e04000000 ---p 00000000 00:00 0 
7f6e04000000-7f6e06131000 rw-p 00000000 00:00 0 
7f6e06131000-7f6e08000000 ---p 00000000 00:00 0 
7f6e08000000-7f6e08002000 r--s 00006000 ca:01 14357207                   /home/surya/.m2/repository/org/latencyutils/LatencyUtils/2.0.3/LatencyUtils-2.0.3.jar
7f6e08002000-7f6e08006000 r--s 00027000 ca:01 185722                     /home/surya/.m2/repository/org/hdrhistogram/HdrHistogram/2.1.12/HdrHistogram-2.1.12.jar
7f6e08006000-7f6e0800a000 r--s 00018000 ca:01 185719                     /home/surya/.m2/repository/com/fasterxml/jackson/datatype/jackson-datatype-jsr310/2.11.3/jackson-datatype-jsr310-2.11.3.jar
7f6e0800a000-7f6e0800d000 r--s 0000e000 ca:01 185708                     /home/surya/.m2/repository/com/fasterxml/jackson/core/jackson-annotations/2.11.3/jackson-annotations-2.11.3.jar
7f6e0800d000-7f6e0801f000 r--s 0006d000 ca:01 9080399                    /home/surya/.m2/repository/org/springframework/boot/spring-boot-actuator-autoconfigure/2.4.1/spring-boot-actuator-autoconfigure-2.4.1.jar
7f6e0801f000-7f6e08026000 r--s 00045000 ca:01 185713                     /home/surya/.m2/repository/org/yaml/snakeyaml/1.27/snakeyaml-1.27.jar
7f6e08026000-7f6e08028000 r--s 00005000 ca:01 9080398                    /home/surya/.m2/repository/jakarta/annotation/jakarta.annotation-api/1.3.5/jakarta.annotation-api-1.3.5.jar
7f6e08028000-7f6e0802a000 r--s 00000000 ca:01 9080395                    /home/surya/.m2/repository/org/slf4j/jul-to-slf4j/1.7.30/jul-to-slf4j-1.7.30.jar
7f6e0802a000-7f6e08030000 r--s 00042000 ca:01 185711                     /home/surya/.m2/repository/org/apache/logging/log4j/log4j-api/2.13.3/log4j-api-2.13.3.jar
7f6e08030000-7f6e08032000 r--s 00003000 ca:01 185709                     /home/surya/.m2/repository/org/apache/logging/log4j/log4j-to-slf4j/2.13.3/log4j-to-slf4j-2.13.3.jar
7f6e08032000-7f6e0820f000 r--s 03e16000 ca:01 8410478                    /opt/java/jdk1.8.0_271/jre/lib/rt.jar
7f6e0820f000-7f6e0835c000 rw-p 00000000 00:00 0 
7f6e0835c000-7f6e086a0000 ---p 00000000 00:00 0 
7f6e086a0000-7f6e086bb000 r-xp 00000000 ca:01 12587117                   /opt/java/jdk1.8.0_271/jre/lib/amd64/libzip.so
7f6e086bb000-7f6e088ba000 ---p 0001b000 ca:01 12587117                   /opt/java/jdk1.8.0_271/jre/lib/amd64/libzip.so
7f6e088ba000-7f6e088bb000 r--p 0001a000 ca:01 12587117                   /opt/java/jdk1.8.0_271/jre/lib/amd64/libzip.so
7f6e088bb000-7f6e088bc000 rw-p 0001b000 ca:01 12587117                   /opt/java/jdk1.8.0_271/jre/lib/amd64/libzip.so
7f6e088bc000-7f6e088c7000 r-xp 00000000 ca:01 69124                      /usr/lib64/libnss_files-2.26.so
7f6e088c7000-7f6e08ac6000 ---p 0000b000 ca:01 69124                      /usr/lib64/libnss_files-2.26.so
7f6e08ac6000-7f6e08ac7000 r--p 0000a000 ca:01 69124                      /usr/lib64/libnss_files-2.26.so
7f6e08ac7000-7f6e08ac8000 rw-p 0000b000 ca:01 69124                      /usr/lib64/libnss_files-2.26.so
7f6e08ac8000-7f6e08ace000 rw-p 00000000 00:00 0 
7f6e08ace000-7f6e08ad6000 r-xp 00000000 ca:01 893585                     /usr/lib64/libnss_sss.so.2
7f6e08ad6000-7f6e08cd5000 ---p 00008000 ca:01 893585                     /usr/lib64/libnss_sss.so.2
7f6e08cd5000-7f6e08cd6000 r--p 00007000 ca:01 893585                     /usr/lib64/libnss_sss.so.2
7f6e08cd6000-7f6e08cd7000 rw-p 00008000 ca:01 893585                     /usr/lib64/libnss_sss.so.2
7f6e08cd7000-7f6e08ce1000 r-xp 00000000 ca:01 12587124                   /opt/java/jdk1.8.0_271/jre/lib/amd64/libinstrument.so
7f6e08ce1000-7f6e08ee0000 ---p 0000a000 ca:01 12587124                   /opt/java/jdk1.8.0_271/jre/lib/amd64/libinstrument.so
7f6e08ee0000-7f6e08ee1000 r--p 00009000 ca:01 12587124                   /opt/java/jdk1.8.0_271/jre/lib/amd64/libinstrument.so
7f6e08ee1000-7f6e08ee2000 rw-p 0000a000 ca:01 12587124                   /opt/java/jdk1.8.0_271/jre/lib/amd64/libinstrument.so
7f6e08ee2000-7f6e08f0e000 r-xp 00000000 ca:01 12587115                   /opt/java/jdk1.8.0_271/jre/lib/amd64/libjava.so
7f6e08f0e000-7f6e0910e000 ---p 0002c000 ca:01 12587115                   /opt/java/jdk1.8.0_271/jre/lib/amd64/libjava.so
7f6e0910e000-7f6e0910f000 r--p 0002c000 ca:01 12587115                   /opt/java/jdk1.8.0_271/jre/lib/amd64/libjava.so
7f6e0910f000-7f6e09111000 rw-p 0002d000 ca:01 12587115                   /opt/java/jdk1.8.0_271/jre/lib/amd64/libjava.so
7f6e09111000-7f6e0911e000 r-xp 00000000 ca:01 12587104                   /opt/java/jdk1.8.0_271/jre/lib/amd64/libverify.so
7f6e0911e000-7f6e0931d000 ---p 0000d000 ca:01 12587104                   /opt/java/jdk1.8.0_271/jre/lib/amd64/libverify.so
7f6e0931d000-7f6e0931f000 r--p 0000c000 ca:01 12587104                   /opt/java/jdk1.8.0_271/jre/lib/amd64/libverify.so
7f6e0931f000-7f6e09320000 rw-p 0000e000 ca:01 12587104                   /opt/java/jdk1.8.0_271/jre/lib/amd64/libverify.so
7f6e09320000-7f6e09327000 r-xp 00000000 ca:01 69130                      /usr/lib64/librt-2.26.so
7f6e09327000-7f6e09526000 ---p 00007000 ca:01 69130                      /usr/lib64/librt-2.26.so
7f6e09526000-7f6e09527000 r--p 00006000 ca:01 69130                      /usr/lib64/librt-2.26.so
7f6e09527000-7f6e09528000 rw-p 00007000 ca:01 69130                      /usr/lib64/librt-2.26.so
7f6e09528000-7f6e09667000 r-xp 00000000 ca:01 69114                      /usr/lib64/libm-2.26.so
7f6e09667000-7f6e09866000 ---p 0013f000 ca:01 69114                      /usr/lib64/libm-2.26.so
7f6e09866000-7f6e09867000 r--p 0013e000 ca:01 69114                      /usr/lib64/libm-2.26.so
7f6e09867000-7f6e09868000 rw-p 0013f000 ca:01 69114                      /usr/lib64/libm-2.26.so
7f6e09868000-7f6e0a55d000 r-xp 00000000 ca:01 124                        /opt/java/jdk1.8.0_271/jre/lib/amd64/server/libjvm.so
7f6e0a55d000-7f6e0a75d000 ---p 00cf5000 ca:01 124                        /opt/java/jdk1.8.0_271/jre/lib/amd64/server/libjvm.so
7f6e0a75d000-7f6e0a7f3000 r--p 00cf5000 ca:01 124                        /opt/java/jdk1.8.0_271/jre/lib/amd64/server/libjvm.so
7f6e0a7f3000-7f6e0a824000 rw-p 00d8b000 ca:01 124                        /opt/java/jdk1.8.0_271/jre/lib/amd64/server/libjvm.so
7f6e0a824000-7f6e0a85f000 rw-p 00000000 00:00 0 
7f6e0a85f000-7f6e0aa00000 r-xp 00000000 ca:01 69108                      /usr/lib64/libc-2.26.so
7f6e0aa00000-7f6e0ac00000 ---p 001a1000 ca:01 69108                      /usr/lib64/libc-2.26.so
7f6e0ac00000-7f6e0ac04000 r--p 001a1000 ca:01 69108                      /usr/lib64/libc-2.26.so
7f6e0ac04000-7f6e0ac06000 rw-p 001a5000 ca:01 69108                      /usr/lib64/libc-2.26.so
7f6e0ac06000-7f6e0ac0a000 rw-p 00000000 00:00 0 
7f6e0ac0a000-7f6e0ac0d000 r-xp 00000000 ca:01 69112                      /usr/lib64/libdl-2.26.so
7f6e0ac0d000-7f6e0ae0c000 ---p 00003000 ca:01 69112                      /usr/lib64/libdl-2.26.so
7f6e0ae0c000-7f6e0ae0d000 r--p 00002000 ca:01 69112                      /usr/lib64/libdl-2.26.so
7f6e0ae0d000-7f6e0ae0e000 rw-p 00003000 ca:01 69112                      /usr/lib64/libdl-2.26.so
7f6e0ae0e000-7f6e0ae25000 r-xp 00000000 ca:01 4194437                    /opt/java/jdk1.8.0_271/jre/lib/amd64/jli/libjli.so
7f6e0ae25000-7f6e0b024000 ---p 00017000 ca:01 4194437                    /opt/java/jdk1.8.0_271/jre/lib/amd64/jli/libjli.so
7f6e0b024000-7f6e0b025000 r--p 00016000 ca:01 4194437                    /opt/java/jdk1.8.0_271/jre/lib/amd64/jli/libjli.so
7f6e0b025000-7f6e0b026000 rw-p 00017000 ca:01 4194437                    /opt/java/jdk1.8.0_271/jre/lib/amd64/jli/libjli.so
7f6e0b026000-7f6e0b03e000 r-xp 00000000 ca:01 69126                      /usr/lib64/libpthread-2.26.so
7f6e0b03e000-7f6e0b23e000 ---p 00018000 ca:01 69126                      /usr/lib64/libpthread-2.26.so
7f6e0b23e000-7f6e0b23f000 r--p 00018000 ca:01 69126                      /usr/lib64/libpthread-2.26.so
7f6e0b23f000-7f6e0b240000 rw-p 00019000 ca:01 69126                      /usr/lib64/libpthread-2.26.so
7f6e0b240000-7f6e0b244000 rw-p 00000000 00:00 0 
7f6e0b244000-7f6e0b268000 r-xp 00000000 ca:01 69101                      /usr/lib64/ld-2.26.so
7f6e0b268000-7f6e0b269000 r--s 00001000 ca:01 4205780                    /home/surya/.m2/repository/org/springframework/boot/spring-boot-starter-cache/2.4.1/spring-boot-starter-cache-2.4.1.jar
7f6e0b269000-7f6e0b274000 r--s 00069000 ca:01 185707                     /home/surya/.m2/repository/ch/qos/logback/logback-core/1.2.3/logback-core-1.2.3.jar
7f6e0b274000-7f6e0b27a000 r--s 00041000 ca:01 185705                     /home/surya/.m2/repository/ch/qos/logback/logback-classic/1.2.3/logback-classic-1.2.3.jar
7f6e0b27a000-7f6e0b27b000 r--s 00001000 ca:01 14357205                   /home/surya/.m2/repository/org/springframework/boot/spring-boot-starter-logging/2.4.1/spring-boot-starter-logging-2.4.1.jar
7f6e0b27b000-7f6e0b27c000 r--s 00001000 ca:01 4205774                    /home/surya/.m2/repository/org/springframework/boot/spring-boot-starter/2.4.1/spring-boot-starter-2.4.1.jar
7f6e0b27c000-7f6e0b281000 r--s 00029000 ca:01 9171053                    /home/surya/.m2/repository/org/apache/maven/surefire/surefire-api/2.22.2/surefire-api-2.22.2.jar
7f6e0b281000-7f6e0b285000 r--s 0003f000 ca:01 5270360                    /home/surya/.m2/repository/org/apache/maven/surefire/surefire-booter/2.22.2/surefire-booter-2.22.2.jar
7f6e0b285000-7f6e0b2a8000 rw-p 00000000 00:00 0 
7f6e0b2a8000-7f6e0b2d8000 ---p 00000000 00:00 0 
7f6e0b2d8000-7f6e0b2e9000 rw-p 00000000 00:00 0 
7f6e0b2e9000-7f6e0b301000 ---p 00000000 00:00 0 
7f6e0b301000-7f6e0b324000 rw-p 00000000 00:00 0 
7f6e0b324000-7f6e0b353000 ---p 00000000 00:00 0 
7f6e0b353000-7f6e0b354000 rw-p 00000000 00:00 0 
7f6e0b354000-7f6e0b35c000 rw-s 00000000 ca:01 14460289                   /tmp/hsperfdata_surya/4211
7f6e0b35c000-7f6e0b35d000 ---p 00000000 00:00 0 
7f6e0b35d000-7f6e0b360000 ---p 00000000 00:00 0 
7f6e0b360000-7f6e0b461000 rw-p 00000000 00:00 0 
7f6e0b461000-7f6e0b462000 r--s 00001000 ca:01 14357203                   /home/surya/.m2/repository/org/springframework/boot/spring-boot-starter-actuator/2.4.1/spring-boot-starter-actuator-2.4.1.jar
7f6e0b462000-7f6e0b464000 r--s 00002000 ca:01 257866                     /home/surya/.m2/repository/org/apache/maven/surefire/surefire-logger-api/2.22.2/surefire-logger-api-2.22.2.jar
7f6e0b464000-7f6e0b465000 r--s 00003000 ca:01 258117                     /opt/jenkins/workspace/job2/target/surefire/surefirebooter7748098475650077871.jar
7f6e0b465000-7f6e0b466000 rw-p 00000000 00:00 0 
7f6e0b466000-7f6e0b467000 ---p 00000000 00:00 0 
7f6e0b467000-7f6e0b468000 r--p 00023000 ca:01 69101                      /usr/lib64/ld-2.26.so
7f6e0b468000-7f6e0b469000 rw-p 00024000 ca:01 69101                      /usr/lib64/ld-2.26.so
7f6e0b469000-7f6e0b46a000 rw-p 00000000 00:00 0 
7fffddb0d000-7fffddb2e000 rw-p 00000000 00:00 0                          [stack]
7fffddb84000-7fffddb87000 r--p 00000000 00:00 0                          [vvar]
7fffddb87000-7fffddb89000 r-xp 00000000 00:00 0                          [vdso]
ffffffffff600000-ffffffffff601000 r-xp 00000000 00:00 0                  [vsyscall]

VM Arguments:
jvm_args: -javaagent:/home/surya/.m2/repository/org/jacoco/org.jacoco.agent/0.8.5/org.jacoco.agent-0.8.5-runtime.jar=destfile=/opt/jenkins/workspace/job2/target/jacoco.exec 
java_command: /opt/jenkins/workspace/job2/target/surefire/surefirebooter7748098475650077871.jar /opt/jenkins/workspace/job2/target/surefire 2020-12-26T12-09-52_871-jvmRun1 surefire8620717758204875986tmp surefire_05242254413224615077tmp
java_class_path (initial): /opt/jenkins/workspace/job2/target/surefire/surefirebooter7748098475650077871.jar:/home/surya/.m2/repository/org/jacoco/org.jacoco.agent/0.8.5/org.jacoco.agent-0.8.5-runtime.jar
Launcher Type: SUN_STANDARD

Environment Variables:
JAVA_HOME=/opt/java/jdk1.8.0_271
PATH=/opt/maven/apache-maven-3.6.3/bin:/opt/java/jdk1.8.0_271/bin:/opt/java/jdk1.8.0_271/bin:/opt/maven/apache-maven-3.6.3/bin:/opt/java/jdk1.8.0_271/bin:/usr/local/bin:/usr/bin
SHELL=/bin/bash

Signal Handlers:
SIGSEGV: [libjvm.so+0xadf3a0], sa_mask[0]=11111111011111111101111111111110, sa_flags=SA_RESTART|SA_SIGINFO
SIGBUS: [libjvm.so+0xadf3a0], sa_mask[0]=11111111011111111101111111111110, sa_flags=SA_RESTART|SA_SIGINFO
SIGFPE: [libjvm.so+0x913c30], sa_mask[0]=11111111011111111101111111111110, sa_flags=SA_RESTART|SA_SIGINFO
SIGPIPE: [libjvm.so+0x913c30], sa_mask[0]=11111111011111111101111111111110, sa_flags=SA_RESTART|SA_SIGINFO
SIGXFSZ: [libjvm.so+0x913c30], sa_mask[0]=11111111011111111101111111111110, sa_flags=SA_RESTART|SA_SIGINFO
SIGILL: [libjvm.so+0x913c30], sa_mask[0]=11111111011111111101111111111110, sa_flags=SA_RESTART|SA_SIGINFO
SIGUSR1: SIG_DFL, sa_mask[0]=00000000000000000000000000000000, sa_flags=none
SIGUSR2: [libjvm.so+0x913b00], sa_mask[0]=00100000000000000000000000000000, sa_flags=SA_RESTART|SA_SIGINFO
SIGHUP: [libjvm.so+0x914120], sa_mask[0]=11111111011111111101111111111110, sa_flags=SA_RESTART|SA_SIGINFO
SIGINT: [libjvm.so+0x914120], sa_mask[0]=11111111011111111101111111111110, sa_flags=SA_RESTART|SA_SIGINFO
SIGTERM: [libjvm.so+0x914120], sa_mask[0]=11111111011111111101111111111110, sa_flags=SA_RESTART|SA_SIGINFO
SIGQUIT: [libjvm.so+0x914120], sa_mask[0]=11111111011111111101111111111110, sa_flags=SA_RESTART|SA_SIGINFO


---------------  S Y S T E M  ---------------

OS:Amazon Linux release 2 (Karoo)

uname:Linux 4.14.209-160.339.amzn2.x86_64 #1 SMP Wed Dec 16 22:44:04 UTC 2020 x86_64
libc:glibc 2.26 NPTL 2.26 
rlimit: STACK 10240k, CORE 0k, NPROC infinity, NOFILE 65535, AS infinity
load average:2.11 1.01 0.40

/proc/meminfo:
MemTotal:        1006900 kB
MemFree:           63204 kB
MemAvailable:       8012 kB
Buffers:               0 kB
Cached:            12872 kB
SwapCached:            0 kB
Active:           869900 kB
Inactive:          10192 kB
Active(anon):     867468 kB
Inactive(anon):      280 kB
Active(file):       2432 kB
Inactive(file):     9912 kB
Unevictable:           0 kB
Mlocked:               0 kB
SwapTotal:             0 kB
SwapFree:              0 kB
Dirty:               112 kB
Writeback:             0 kB
AnonPages:        867292 kB
Mapped:             7856 kB
Shmem:               456 kB
Slab:              41088 kB
SReclaimable:      19964 kB
SUnreclaim:        21124 kB
KernelStack:        4240 kB
PageTables:         6964 kB
NFS_Unstable:          0 kB
Bounce:                0 kB
WritebackTmp:          0 kB
CommitLimit:      503448 kB
Committed_AS:    1162756 kB
VmallocTotal:   34359738367 kB
VmallocUsed:           0 kB
VmallocChunk:          0 kB
HardwareCorrupted:     0 kB
AnonHugePages:         0 kB
ShmemHugePages:        0 kB
ShmemPmdMapped:        0 kB
HugePages_Total:       0
HugePages_Free:        0
HugePages_Rsvd:        0
HugePages_Surp:        0
Hugepagesize:       2048 kB
DirectMap4k:       71680 kB
DirectMap2M:      976896 kB

container (cgroup) information:
container_type: cgroupv1
cpu_cpuset_cpus: 0
cpu_memory_nodes: 0
active_processor_count: 1
cpu_quota: -1
cpu_period: 100000
cpu_shares: -1
memory_limit_in_bytes: -1
memory_and_swap_limit_in_bytes: -1
memory_soft_limit_in_bytes: -1
memory_usage_in_bytes: 901562368
memory_max_usage_in_bytes: 0


CPU:total 1 (initial active 1) (1 cores per cpu, 1 threads per core) family 6 model 63 stepping 2, cmov, cx8, fxsr, mmx, sse, sse2, sse3, ssse3, sse4.1, sse4.2, popcnt, avx, avx2, aes, clmul, erms, lzcnt, tsc, bmi1, bmi2

/proc/cpuinfo:
processor	: 0
vendor_id	: GenuineIntel
cpu family	: 6
model		: 63
model name	: Intel(R) Xeon(R) CPU E5-2676 v3 @ 2.40GHz
stepping	: 2
microcode	: 0x43
cpu MHz		: 2400.058
cache size	: 30720 KB
physical id	: 0
siblings	: 1
core id		: 0
cpu cores	: 1
apicid		: 0
initial apicid	: 0
fpu		: yes
fpu_exception	: yes
cpuid level	: 13
wp		: yes
flags		: fpu vme de pse tsc msr pae mce cx8 apic sep mtrr pge mca cmov pat pse36 clflush mmx fxsr sse sse2 ht syscall nx rdtscp lm constant_tsc rep_good nopl xtopology cpuid pni pclmulqdq ssse3 fma cx16 pcid sse4_1 sse4_2 x2apic movbe popcnt tsc_deadline_timer aes xsave avx f16c rdrand hypervisor lahf_lm abm cpuid_fault invpcid_single pti fsgsbase bmi1 avx2 smep bmi2 erms invpcid xsaveopt
bugs		: cpu_meltdown spectre_v1 spectre_v2 spec_store_bypass l1tf mds swapgs itlb_multihit
bogomips	: 4800.10
clflush size	: 64
cache_alignment	: 64
address sizes	: 46 bits physical, 48 bits virtual
power management:



Memory: 4k page, physical 1006900k(62956k free), swap 0k(0k free)

vm_info: Java HotSpot(TM) 64-Bit Server VM (25.271-b09) for linux-amd64 JRE (1.8.0_271-b09), built on Sep 16 2020 17:01:41 by "java_re" with gcc 7.3.0

time: Sat Dec 26 12:10:34 2020
timezone: UTC
elapsed time: 40.269639 seconds (0d 0h 0m 40s)

